
> web@0.1.0 build C:\code\SkateHubba\apps\web
> next build

   ▲ Next.js 16.0.8 (Turbopack)
   - Environments: .env.local, .env

   Creating an optimized production build ...
 ✓ Compiled successfully in 10.2s
   Running TypeScript ...
   Collecting page data using 7 workers ...
   Generating static pages using 7 workers (0/8) ...
   Generating static pages using 7 workers (2/8) 
   Generating static pages using 7 workers (4/8) 
   Generating static pages using 7 workers (6/8) 
 ✓ Generating static pages using 7 workers (8/8) in 1047.0ms
   Finalizing page optimization ...

Route (app)
┌ ○ /
├ ○ /_not-found
├ ○ /debug
├ ○ /profile
├ ƒ /skate/[gameId]
├ ƒ /skate/[gameId]/submit
├ ○ /skate/create
└ ○ /skate/join


○  (Static)   prerendered as static content
ƒ  (Dynamic)  server-rendered on demand

